  Determining projects to restore...
  All projects are up-to-date for restore.
  ExchangeMail.Core -> C:\Users\iain\source\repos\AI\ExchangeMail\ExchangeMail.Core\bin\Debug\net10.0\ExchangeMail.Core.dll
  ExchangeMail.Web -> C:\Users\iain\source\repos\AI\ExchangeMail\ExchangeMail.Web\bin\Debug\net10.0\ExchangeMail.Web.dll
C:\Users\iain\source\repos\AI\ExchangeMail\ExchangeMail.Tests\Controllers\AdminControllerTests.cs(46,24): warning CS8600: Converting null literal or possible null value to non-nullable type. [C:\Users\iain\source\repos\AI\ExchangeMail\ExchangeMail.Tests\ExchangeMail.Tests.csproj]
C:\Users\iain\source\repos\AI\ExchangeMail\ExchangeMail.Tests\Controllers\AdminControllerTests.cs(47,62): warning CS8600: Converting null literal or possible null value to non-nullable type. [C:\Users\iain\source\repos\AI\ExchangeMail\ExchangeMail.Tests\ExchangeMail.Tests.csproj]
C:\Users\iain\source\repos\AI\ExchangeMail\ExchangeMail.Tests\Services\SqliteMailRepositoryTests.cs(45,29): error CS1061: 'MessageEntity' does not contain a definition for 'IsRead' and no accessible extension method 'IsRead' accepting a first argument of type 'MessageEntity' could be found (are you missing a using directive or an assembly reference?) [C:\Users\iain\source\repos\AI\ExchangeMail\ExchangeMail.Tests\ExchangeMail.Tests.csproj]
C:\Users\iain\source\repos\AI\ExchangeMail\ExchangeMail.Tests\Controllers\ContactsControllerTests.cs(41,63): warning CS8600: Converting null literal or possible null value to non-nullable type. [C:\Users\iain\source\repos\AI\ExchangeMail\ExchangeMail.Tests\ExchangeMail.Tests.csproj]
C:\Users\iain\source\repos\AI\ExchangeMail\ExchangeMail.Tests\Services\SqliteMailRepositoryTests.cs(84,28): error CS1061: 'MessageEntity' does not contain a definition for 'IsRead' and no accessible extension method 'IsRead' accepting a first argument of type 'MessageEntity' could be found (are you missing a using directive or an assembly reference?) [C:\Users\iain\source\repos\AI\ExchangeMail\ExchangeMail.Tests\ExchangeMail.Tests.csproj]
C:\Users\iain\source\repos\AI\ExchangeMail\ExchangeMail.Tests\Services\SqliteMailRepositoryTests.cs(100,28): error CS1061: 'MessageEntity' does not contain a definition for 'IsDeleted' and no accessible extension method 'IsDeleted' accepting a first argument of type 'MessageEntity' could be found (are you missing a using directive or an assembly reference?) [C:\Users\iain\source\repos\AI\ExchangeMail\ExchangeMail.Tests\ExchangeMail.Tests.csproj]
C:\Users\iain\source\repos\AI\ExchangeMail\ExchangeMail.Tests\Services\SqliteMailRepositoryTests.cs(132,37): error CS1061: 'MessageEntity' does not contain a definition for 'Folder' and no accessible extension method 'Folder' accepting a first argument of type 'MessageEntity' could be found (are you missing a using directive or an assembly reference?) [C:\Users\iain\source\repos\AI\ExchangeMail\ExchangeMail.Tests\ExchangeMail.Tests.csproj]
C:\Users\iain\source\repos\AI\ExchangeMail\ExchangeMail.Tests\Controllers\MailControllerTests.cs(81,46): warning CS8625: Cannot convert null literal to non-nullable reference type. [C:\Users\iain\source\repos\AI\ExchangeMail\ExchangeMail.Tests\ExchangeMail.Tests.csproj]
C:\Users\iain\source\repos\AI\ExchangeMail\ExchangeMail.Tests\Services\SqliteMailRepositoryTests.cs(149,42): error CS1061: 'MessageEntity' does not contain a definition for 'Folder' and no accessible extension method 'Folder' accepting a first argument of type 'MessageEntity' could be found (are you missing a using directive or an assembly reference?) [C:\Users\iain\source\repos\AI\ExchangeMail\ExchangeMail.Tests\ExchangeMail.Tests.csproj]
C:\Users\iain\source\repos\AI\ExchangeMail\ExchangeMail.Tests\Services\SqliteMailRepositoryTests.cs(151,97): error CS1061: 'MessageEntity' does not contain a definition for 'Folder' and no accessible extension method 'Folder' accepting a first argument of type 'MessageEntity' could be found (are you missing a using directive or an assembly reference?) [C:\Users\iain\source\repos\AI\ExchangeMail\ExchangeMail.Tests\ExchangeMail.Tests.csproj]
C:\Users\iain\source\repos\AI\ExchangeMail\ExchangeMail.Tests\Services\SqliteMailRepositoryTests.cs(176,29): error CS1061: 'MessageEntity' does not contain a definition for 'Folder' and no accessible extension method 'Folder' accepting a first argument of type 'MessageEntity' could be found (are you missing a using directive or an assembly reference?) [C:\Users\iain\source\repos\AI\ExchangeMail\ExchangeMail.Tests\ExchangeMail.Tests.csproj]
C:\Users\iain\source\repos\AI\ExchangeMail\ExchangeMail.Tests\Services\SqliteMailRepositoryTests.cs(177,29): error CS1061: 'MessageEntity' does not contain a definition for 'IsDeleted' and no accessible extension method 'IsDeleted' accepting a first argument of type 'MessageEntity' could be found (are you missing a using directive or an assembly reference?) [C:\Users\iain\source\repos\AI\ExchangeMail\ExchangeMail.Tests\ExchangeMail.Tests.csproj]
C:\Users\iain\source\repos\AI\ExchangeMail\ExchangeMail.Tests\Services\SqliteMailRepositoryTests.cs(206,26): error CS1061: 'MessageEntity' does not contain a definition for 'IsRead' and no accessible extension method 'IsRead' accepting a first argument of type 'MessageEntity' could be found (are you missing a using directive or an assembly reference?) [C:\Users\iain\source\repos\AI\ExchangeMail\ExchangeMail.Tests\ExchangeMail.Tests.csproj]
C:\Users\iain\source\repos\AI\ExchangeMail\ExchangeMail.Tests\Services\SqliteMailRepositoryTests.cs(209,26): error CS1061: 'MessageEntity' does not contain a definition for 'IsRead' and no accessible extension method 'IsRead' accepting a first argument of type 'MessageEntity' could be found (are you missing a using directive or an assembly reference?) [C:\Users\iain\source\repos\AI\ExchangeMail\ExchangeMail.Tests\ExchangeMail.Tests.csproj]
C:\Users\iain\source\repos\AI\ExchangeMail\ExchangeMail.Tests\Services\SqliteMailRepositoryTests.cs(212,27): error CS1061: 'MessageEntity' does not contain a definition for 'IsRead' and no accessible extension method 'IsRead' accepting a first argument of type 'MessageEntity' could be found (are you missing a using directive or an assembly reference?) [C:\Users\iain\source\repos\AI\ExchangeMail\ExchangeMail.Tests\ExchangeMail.Tests.csproj]
C:\Users\iain\source\repos\AI\ExchangeMail\ExchangeMail.Tests\Services\SqliteMailRepositoryTests.cs(234,13): error CS0117: 'MessageEntity' does not contain a definition for 'IsRead' [C:\Users\iain\source\repos\AI\ExchangeMail\ExchangeMail.Tests\ExchangeMail.Tests.csproj]
C:\Users\iain\source\repos\AI\ExchangeMail\ExchangeMail.Tests\Services\SqliteMailRepositoryTests.cs(236,13): error CS0117: 'MessageEntity' does not contain a definition for 'Folder' [C:\Users\iain\source\repos\AI\ExchangeMail\ExchangeMail.Tests\ExchangeMail.Tests.csproj]
C:\Users\iain\source\repos\AI\ExchangeMail\ExchangeMail.Tests\Services\SqliteMailRepositoryTests.cs(237,13): error CS0117: 'MessageEntity' does not contain a definition for 'Owner' [C:\Users\iain\source\repos\AI\ExchangeMail\ExchangeMail.Tests\ExchangeMail.Tests.csproj]
C:\Users\iain\source\repos\AI\ExchangeMail\ExchangeMail.Tests\Controllers\MailControllerTests.cs(244,44): warning CS8602: Dereference of a possibly null reference. [C:\Users\iain\source\repos\AI\ExchangeMail\ExchangeMail.Tests\ExchangeMail.Tests.csproj]
C:\Users\iain\source\repos\AI\ExchangeMail\ExchangeMail.Tests\Controllers\MailControllerTests.cs(246,44): warning CS8600: Converting null literal or possible null value to non-nullable type. [C:\Users\iain\source\repos\AI\ExchangeMail\ExchangeMail.Tests\ExchangeMail.Tests.csproj]
C:\Users\iain\source\repos\AI\ExchangeMail\ExchangeMail.Tests\Controllers\MailControllerTests.cs(267,55): warning CS8602: Dereference of a possibly null reference. [C:\Users\iain\source\repos\AI\ExchangeMail\ExchangeMail.Tests\ExchangeMail.Tests.csproj]
C:\Users\iain\source\repos\AI\ExchangeMail\ExchangeMail.Tests\Controllers\MailControllerTests.cs(267,47): warning CS8600: Converting null literal or possible null value to non-nullable type. [C:\Users\iain\source\repos\AI\ExchangeMail\ExchangeMail.Tests\ExchangeMail.Tests.csproj]
C:\Users\iain\source\repos\AI\ExchangeMail\ExchangeMail.Tests\Controllers\MailControllerTests.cs(268,43): warning CS8600: Converting null literal or possible null value to non-nullable type. [C:\Users\iain\source\repos\AI\ExchangeMail\ExchangeMail.Tests\ExchangeMail.Tests.csproj]
C:\Users\iain\source\repos\AI\ExchangeMail\ExchangeMail.Tests\Controllers\MailControllerTests.cs(288,47): warning CS8602: Dereference of a possibly null reference. [C:\Users\iain\source\repos\AI\ExchangeMail\ExchangeMail.Tests\ExchangeMail.Tests.csproj]
C:\Users\iain\source\repos\AI\ExchangeMail\ExchangeMail.Tests\Controllers\MailControllerTests.cs(289,68): warning CS8600: Converting null literal or possible null value to non-nullable type. [C:\Users\iain\source\repos\AI\ExchangeMail\ExchangeMail.Tests\ExchangeMail.Tests.csproj]

Build FAILED.

C:\Users\iain\source\repos\AI\ExchangeMail\ExchangeMail.Tests\Controllers\AdminControllerTests.cs(46,24): warning CS8600: Converting null literal or possible null value to non-nullable type. [C:\Users\iain\source\repos\AI\ExchangeMail\ExchangeMail.Tests\ExchangeMail.Tests.csproj]
C:\Users\iain\source\repos\AI\ExchangeMail\ExchangeMail.Tests\Controllers\AdminControllerTests.cs(47,62): warning CS8600: Converting null literal or possible null value to non-nullable type. [C:\Users\iain\source\repos\AI\ExchangeMail\ExchangeMail.Tests\ExchangeMail.Tests.csproj]
C:\Users\iain\source\repos\AI\ExchangeMail\ExchangeMail.Tests\Controllers\ContactsControllerTests.cs(41,63): warning CS8600: Converting null literal or possible null value to non-nullable type. [C:\Users\iain\source\repos\AI\ExchangeMail\ExchangeMail.Tests\ExchangeMail.Tests.csproj]
C:\Users\iain\source\repos\AI\ExchangeMail\ExchangeMail.Tests\Controllers\MailControllerTests.cs(81,46): warning CS8625: Cannot convert null literal to non-nullable reference type. [C:\Users\iain\source\repos\AI\ExchangeMail\ExchangeMail.Tests\ExchangeMail.Tests.csproj]
C:\Users\iain\source\repos\AI\ExchangeMail\ExchangeMail.Tests\Controllers\MailControllerTests.cs(244,44): warning CS8602: Dereference of a possibly null reference. [C:\Users\iain\source\repos\AI\ExchangeMail\ExchangeMail.Tests\ExchangeMail.Tests.csproj]
C:\Users\iain\source\repos\AI\ExchangeMail\ExchangeMail.Tests\Controllers\MailControllerTests.cs(246,44): warning CS8600: Converting null literal or possible null value to non-nullable type. [C:\Users\iain\source\repos\AI\ExchangeMail\ExchangeMail.Tests\ExchangeMail.Tests.csproj]
C:\Users\iain\source\repos\AI\ExchangeMail\ExchangeMail.Tests\Controllers\MailControllerTests.cs(267,55): warning CS8602: Dereference of a possibly null reference. [C:\Users\iain\source\repos\AI\ExchangeMail\ExchangeMail.Tests\ExchangeMail.Tests.csproj]
C:\Users\iain\source\repos\AI\ExchangeMail\ExchangeMail.Tests\Controllers\MailControllerTests.cs(267,47): warning CS8600: Converting null literal or possible null value to non-nullable type. [C:\Users\iain\source\repos\AI\ExchangeMail\ExchangeMail.Tests\ExchangeMail.Tests.csproj]
C:\Users\iain\source\repos\AI\ExchangeMail\ExchangeMail.Tests\Controllers\MailControllerTests.cs(268,43): warning CS8600: Converting null literal or possible null value to non-nullable type. [C:\Users\iain\source\repos\AI\ExchangeMail\ExchangeMail.Tests\ExchangeMail.Tests.csproj]
C:\Users\iain\source\repos\AI\ExchangeMail\ExchangeMail.Tests\Controllers\MailControllerTests.cs(288,47): warning CS8602: Dereference of a possibly null reference. [C:\Users\iain\source\repos\AI\ExchangeMail\ExchangeMail.Tests\ExchangeMail.Tests.csproj]
C:\Users\iain\source\repos\AI\ExchangeMail\ExchangeMail.Tests\Controllers\MailControllerTests.cs(289,68): warning CS8600: Converting null literal or possible null value to non-nullable type. [C:\Users\iain\source\repos\AI\ExchangeMail\ExchangeMail.Tests\ExchangeMail.Tests.csproj]
C:\Users\iain\source\repos\AI\ExchangeMail\ExchangeMail.Tests\Services\SqliteMailRepositoryTests.cs(45,29): error CS1061: 'MessageEntity' does not contain a definition for 'IsRead' and no accessible extension method 'IsRead' accepting a first argument of type 'MessageEntity' could be found (are you missing a using directive or an assembly reference?) [C:\Users\iain\source\repos\AI\ExchangeMail\ExchangeMail.Tests\ExchangeMail.Tests.csproj]
C:\Users\iain\source\repos\AI\ExchangeMail\ExchangeMail.Tests\Services\SqliteMailRepositoryTests.cs(84,28): error CS1061: 'MessageEntity' does not contain a definition for 'IsRead' and no accessible extension method 'IsRead' accepting a first argument of type 'MessageEntity' could be found (are you missing a using directive or an assembly reference?) [C:\Users\iain\source\repos\AI\ExchangeMail\ExchangeMail.Tests\ExchangeMail.Tests.csproj]
C:\Users\iain\source\repos\AI\ExchangeMail\ExchangeMail.Tests\Services\SqliteMailRepositoryTests.cs(100,28): error CS1061: 'MessageEntity' does not contain a definition for 'IsDeleted' and no accessible extension method 'IsDeleted' accepting a first argument of type 'MessageEntity' could be found (are you missing a using directive or an assembly reference?) [C:\Users\iain\source\repos\AI\ExchangeMail\ExchangeMail.Tests\ExchangeMail.Tests.csproj]
C:\Users\iain\source\repos\AI\ExchangeMail\ExchangeMail.Tests\Services\SqliteMailRepositoryTests.cs(132,37): error CS1061: 'MessageEntity' does not contain a definition for 'Folder' and no accessible extension method 'Folder' accepting a first argument of type 'MessageEntity' could be found (are you missing a using directive or an assembly reference?) [C:\Users\iain\source\repos\AI\ExchangeMail\ExchangeMail.Tests\ExchangeMail.Tests.csproj]
C:\Users\iain\source\repos\AI\ExchangeMail\ExchangeMail.Tests\Services\SqliteMailRepositoryTests.cs(149,42): error CS1061: 'MessageEntity' does not contain a definition for 'Folder' and no accessible extension method 'Folder' accepting a first argument of type 'MessageEntity' could be found (are you missing a using directive or an assembly reference?) [C:\Users\iain\source\repos\AI\ExchangeMail\ExchangeMail.Tests\ExchangeMail.Tests.csproj]
C:\Users\iain\source\repos\AI\ExchangeMail\ExchangeMail.Tests\Services\SqliteMailRepositoryTests.cs(151,97): error CS1061: 'MessageEntity' does not contain a definition for 'Folder' and no accessible extension method 'Folder' accepting a first argument of type 'MessageEntity' could be found (are you missing a using directive or an assembly reference?) [C:\Users\iain\source\repos\AI\ExchangeMail\ExchangeMail.Tests\ExchangeMail.Tests.csproj]
C:\Users\iain\source\repos\AI\ExchangeMail\ExchangeMail.Tests\Services\SqliteMailRepositoryTests.cs(176,29): error CS1061: 'MessageEntity' does not contain a definition for 'Folder' and no accessible extension method 'Folder' accepting a first argument of type 'MessageEntity' could be found (are you missing a using directive or an assembly reference?) [C:\Users\iain\source\repos\AI\ExchangeMail\ExchangeMail.Tests\ExchangeMail.Tests.csproj]
C:\Users\iain\source\repos\AI\ExchangeMail\ExchangeMail.Tests\Services\SqliteMailRepositoryTests.cs(177,29): error CS1061: 'MessageEntity' does not contain a definition for 'IsDeleted' and no accessible extension method 'IsDeleted' accepting a first argument of type 'MessageEntity' could be found (are you missing a using directive or an assembly reference?) [C:\Users\iain\source\repos\AI\ExchangeMail\ExchangeMail.Tests\ExchangeMail.Tests.csproj]
C:\Users\iain\source\repos\AI\ExchangeMail\ExchangeMail.Tests\Services\SqliteMailRepositoryTests.cs(206,26): error CS1061: 'MessageEntity' does not contain a definition for 'IsRead' and no accessible extension method 'IsRead' accepting a first argument of type 'MessageEntity' could be found (are you missing a using directive or an assembly reference?) [C:\Users\iain\source\repos\AI\ExchangeMail\ExchangeMail.Tests\ExchangeMail.Tests.csproj]
C:\Users\iain\source\repos\AI\ExchangeMail\ExchangeMail.Tests\Services\SqliteMailRepositoryTests.cs(209,26): error CS1061: 'MessageEntity' does not contain a definition for 'IsRead' and no accessible extension method 'IsRead' accepting a first argument of type 'MessageEntity' could be found (are you missing a using directive or an assembly reference?) [C:\Users\iain\source\repos\AI\ExchangeMail\ExchangeMail.Tests\ExchangeMail.Tests.csproj]
C:\Users\iain\source\repos\AI\ExchangeMail\ExchangeMail.Tests\Services\SqliteMailRepositoryTests.cs(212,27): error CS1061: 'MessageEntity' does not contain a definition for 'IsRead' and no accessible extension method 'IsRead' accepting a first argument of type 'MessageEntity' could be found (are you missing a using directive or an assembly reference?) [C:\Users\iain\source\repos\AI\ExchangeMail\ExchangeMail.Tests\ExchangeMail.Tests.csproj]
C:\Users\iain\source\repos\AI\ExchangeMail\ExchangeMail.Tests\Services\SqliteMailRepositoryTests.cs(234,13): error CS0117: 'MessageEntity' does not contain a definition for 'IsRead' [C:\Users\iain\source\repos\AI\ExchangeMail\ExchangeMail.Tests\ExchangeMail.Tests.csproj]
C:\Users\iain\source\repos\AI\ExchangeMail\ExchangeMail.Tests\Services\SqliteMailRepositoryTests.cs(236,13): error CS0117: 'MessageEntity' does not contain a definition for 'Folder' [C:\Users\iain\source\repos\AI\ExchangeMail\ExchangeMail.Tests\ExchangeMail.Tests.csproj]
C:\Users\iain\source\repos\AI\ExchangeMail\ExchangeMail.Tests\Services\SqliteMailRepositoryTests.cs(237,13): error CS0117: 'MessageEntity' does not contain a definition for 'Owner' [C:\Users\iain\source\repos\AI\ExchangeMail\ExchangeMail.Tests\ExchangeMail.Tests.csproj]
    11 Warning(s)
    14 Error(s)

Time Elapsed 00:00:01.51
