  Determining projects to restore...
  All projects are up-to-date for restore.
  ExchangeMail.Web -> C:\Users\iain\source\repos\AI\ExchangeMail\ExchangeMail.Web\bin\Debug\net10.0\ExchangeMail.Web.dll
C:\Users\iain\source\repos\AI\ExchangeMail\ExchangeMail.Tests\Controllers\MailControllerTests.cs(57,46): warning CS8625: Cannot convert null literal to non-nullable reference type. [C:\Users\iain\source\repos\AI\ExchangeMail\ExchangeMail.Tests\ExchangeMail.Tests.csproj]
C:\Users\iain\source\repos\AI\ExchangeMail\ExchangeMail.Tests\Controllers\MailControllerTests.cs(74,40): error CS1061: 'MailController' does not contain a definition for 'Details' and no accessible extension method 'Details' accepting a first argument of type 'MailController' could be found (are you missing a using directive or an assembly reference?) [C:\Users\iain\source\repos\AI\ExchangeMail\ExchangeMail.Tests\ExchangeMail.Tests.csproj]
C:\Users\iain\source\repos\AI\ExchangeMail\ExchangeMail.Tests\Controllers\MailControllerTests.cs(91,40): error CS1061: 'MailController' does not contain a definition for 'Details' and no accessible extension method 'Details' accepting a first argument of type 'MailController' could be found (are you missing a using directive or an assembly reference?) [C:\Users\iain\source\repos\AI\ExchangeMail\ExchangeMail.Tests\ExchangeMail.Tests.csproj]

Build FAILED.

C:\Users\iain\source\repos\AI\ExchangeMail\ExchangeMail.Tests\Controllers\MailControllerTests.cs(57,46): warning CS8625: Cannot convert null literal to non-nullable reference type. [C:\Users\iain\source\repos\AI\ExchangeMail\ExchangeMail.Tests\ExchangeMail.Tests.csproj]
C:\Users\iain\source\repos\AI\ExchangeMail\ExchangeMail.Tests\Controllers\MailControllerTests.cs(74,40): error CS1061: 'MailController' does not contain a definition for 'Details' and no accessible extension method 'Details' accepting a first argument of type 'MailController' could be found (are you missing a using directive or an assembly reference?) [C:\Users\iain\source\repos\AI\ExchangeMail\ExchangeMail.Tests\ExchangeMail.Tests.csproj]
C:\Users\iain\source\repos\AI\ExchangeMail\ExchangeMail.Tests\Controllers\MailControllerTests.cs(91,40): error CS1061: 'MailController' does not contain a definition for 'Details' and no accessible extension method 'Details' accepting a first argument of type 'MailController' could be found (are you missing a using directive or an assembly reference?) [C:\Users\iain\source\repos\AI\ExchangeMail\ExchangeMail.Tests\ExchangeMail.Tests.csproj]
    1 Warning(s)
    2 Error(s)

Time Elapsed 00:00:01.40
